<?xml version="1.0" encoding="UTF-8"?>
<testng-results skipped="0" failed="0" total="1" passed="1">
  <reporter-output>
  </reporter-output>
  <suite name="Plusnet Automation Suite" duration-ms="484" started-at="2018-11-11T14:10:03Z" finished-at="2018-11-11T14:10:04Z">
    <groups>
      <group name="cucumber">
        <method signature="AbstractTestNGCucumberTests.feature(cucumber.api.testng.CucumberFeatureWrapper)[pri:0, instance:com.plus.net.runner.TestRunner@20e2cbe0]" name="feature" class="cucumber.api.testng.AbstractTestNGCucumberTests"/>
      </group> <!-- cucumber -->
    </groups>
    <test name="TC007" duration-ms="484" started-at="2018-11-11T14:10:03Z" finished-at="2018-11-11T14:10:04Z">
      <class name="com.plus.net.runner.TestRunner">
        <test-method status="PASS" signature="setUpClass()[pri:0, instance:com.plus.net.runner.TestRunner@20e2cbe0]" name="setUpClass" is-config="true" duration-ms="256" started-at="2018-11-11T14:10:03Z" finished-at="2018-11-11T14:10:04Z">
          <reporter-output>
          </reporter-output>
        </test-method> <!-- setUpClass -->
        <test-method status="PASS" signature="feature(cucumber.api.testng.CucumberFeatureWrapper)[pri:0, instance:com.plus.net.runner.TestRunner@20e2cbe0]" name="feature" duration-ms="116" started-at="2018-11-11T14:10:04Z" description="Runs Cucumber Feature" data-provider="features" finished-at="2018-11-11T14:10:04Z">
          <params>
            <param index="0">
              <value>
                <![CDATA[Title of your feature]]>
              </value>
            </param>
          </params>
          <reporter-output>
          </reporter-output>
        </test-method> <!-- feature -->
        <test-method status="PASS" signature="tearDownClass()[pri:0, instance:com.plus.net.runner.TestRunner@20e2cbe0]" name="tearDownClass" is-config="true" duration-ms="8" started-at="2018-11-11T14:10:04Z" finished-at="2018-11-11T14:10:04Z">
          <reporter-output>
          </reporter-output>
        </test-method> <!-- tearDownClass -->
      </class> <!-- com.plus.net.runner.TestRunner -->
    </test> <!-- TC007 -->
  </suite> <!-- Plusnet Automation Suite -->
</testng-results>
